<?xml version="1.0" encoding="UTF-8"?>
<testng-results ignored="0" total="1" passed="1" failed="0" skipped="0">
  <reporter-output>
  </reporter-output>
  <suite started-at="2025-07-14T15:00:41 IST" name="Default suite" finished-at="2025-07-14T15:00:42 IST" duration-ms="50">
    <groups>
    </groups>
    <test started-at="2025-07-14T15:00:41 IST" name="Default test" finished-at="2025-07-14T15:00:42 IST" duration-ms="50">
      <class name="testcases.Demo">
        <test-method signature="Demo()[pri:0, instance:testcases.Demo@1189dd52]" started-at="2025-07-14T15:00:42 IST" name="Demo" finished-at="2025-07-14T15:00:42 IST" duration-ms="7" status="PASS">
          <reporter-output>
          </reporter-output>
        </test-method> <!-- Demo -->
      </class> <!-- testcases.Demo -->
    </test> <!-- Default test -->
  </suite> <!-- Default suite -->
</testng-results>
